2026-01-15T12:44:59.746155Z  INFO codestacks_nvim::tracing: src/tracing.rs:65: codestacks tracing initialized with log file: /Users/ben.Zhou/Projects/nvim_forks/Beez.nvim/lua/beez/codestacks/logs/codestacks.log
2026-01-15T12:44:59.765712Z  INFO codestacks_nvim: src/lib.rs:34: Stacks initialized...
2026-01-15T12:44:59.765848Z  INFO codestacks_nvim: src/lib.rs:42: Recent files initialized...
2026-01-15T12:44:59.787331Z  INFO codestacks_nvim: src/lib.rs:301: Listing local marks...
2026-01-15T12:45:00.339020Z  INFO codestacks_nvim: src/lib.rs:301: Listing local marks...
2026-01-15T12:45:01.086680Z  INFO codestacks_nvim: src/lib.rs:203: Setting recent files enabled: false
2026-01-15T12:45:01.088326Z  INFO codestacks_nvim: src/lib.rs:301: Listing local marks...
2026-01-15T12:45:01.093448Z  INFO codestacks_nvim: src/lib.rs:178: Adding recent file: /Users/ben.Zhou/.config/nvim/apps/nvim_minifiles/init.lua
2026-01-15T12:45:01.094630Z  INFO codestacks_nvim: src/lib.rs:301: Listing local marks...
2026-01-15T12:45:01.094981Z  INFO codestacks_nvim: src/lib.rs:178: Adding recent file: /Users/ben.Zhou/.config/nvim/apps/nvim_pager/init.lua
2026-01-15T12:45:01.096052Z  INFO codestacks_nvim: src/lib.rs:301: Listing local marks...
2026-01-15T12:45:01.096280Z  INFO codestacks_nvim: src/lib.rs:178: Adding recent file: /Users/ben.Zhou/.config/nvim/ftplugin/rust.lua
2026-01-15T12:45:01.097647Z  INFO codestacks_nvim: src/lib.rs:301: Listing local marks...
2026-01-15T12:45:01.097941Z  INFO codestacks_nvim: src/lib.rs:178: Adding recent file: /Users/ben.Zhou/.config/nvim/apps/nvim_term/init.lua
2026-01-15T12:45:01.099114Z  INFO codestacks_nvim: src/lib.rs:301: Listing local marks...
2026-01-15T12:45:01.099298Z  INFO codestacks_nvim: src/lib.rs:178: Adding recent file: /Users/ben.Zhou/.config/nvim/apps/nvim_cmds/init.lua
2026-01-15T12:45:01.100650Z  INFO codestacks_nvim: src/lib.rs:301: Listing local marks...
2026-01-15T12:45:01.100804Z  INFO codestacks_nvim: src/lib.rs:178: Adding recent file: /Users/ben.Zhou/.config/nvim/apps/nvim_flotes/init.lua
2026-01-15T12:45:01.102212Z  INFO codestacks_nvim: src/lib.rs:301: Listing local marks...
2026-01-15T12:45:01.102395Z  INFO codestacks_nvim: src/lib.rs:178: Adding recent file: /Users/ben.Zhou/.config/nvim/apps/nvim_diffeditor/init.lua
2026-01-15T12:45:01.103901Z  INFO codestacks_nvim: src/lib.rs:301: Listing local marks...
2026-01-15T12:45:01.104047Z  INFO codestacks_nvim: src/lib.rs:178: Adding recent file: /Users/ben.Zhou/.config/nvim/lua/keymaps.lua
2026-01-15T12:45:01.105459Z  INFO codestacks_nvim: src/lib.rs:301: Listing local marks...
2026-01-15T12:45:01.105656Z  INFO codestacks_nvim: src/lib.rs:178: Adding recent file: /Users/ben.Zhou/.config/nvim/apps/nvim_zk/init.lua
2026-01-15T12:45:01.107038Z  INFO codestacks_nvim: src/lib.rs:301: Listing local marks...
2026-01-15T12:45:01.107220Z  INFO codestacks_nvim: src/lib.rs:178: Adding recent file: /Users/ben.Zhou/.config/nvim/lua/options.lua
2026-01-15T12:45:01.108640Z  INFO codestacks_nvim: src/lib.rs:301: Listing local marks...
2026-01-15T12:45:01.108829Z  INFO codestacks_nvim: src/lib.rs:178: Adding recent file: /Users/ben.Zhou/.config/nvim/lua/snippets/python.lua
2026-01-15T12:45:01.110146Z  INFO codestacks_nvim: src/lib.rs:301: Listing local marks...
2026-01-15T12:45:01.110413Z  INFO codestacks_nvim: src/lib.rs:178: Adding recent file: /Users/ben.Zhou/.config/nvim/lua/snippets/lua.lua
2026-01-15T12:45:01.111986Z  INFO codestacks_nvim: src/lib.rs:301: Listing local marks...
2026-01-15T12:45:01.112201Z  INFO codestacks_nvim: src/lib.rs:178: Adding recent file: /Users/ben.Zhou/.config/nvim/lua/snippets/markdown.lua
2026-01-15T12:45:01.113892Z  INFO codestacks_nvim: src/lib.rs:301: Listing local marks...
2026-01-15T12:45:01.114180Z  INFO codestacks_nvim: src/lib.rs:178: Adding recent file: /Users/ben.Zhou/.config/nvim/lua/plugins/noneckpain.lua
2026-01-15T12:45:01.116550Z  INFO codestacks_nvim: src/lib.rs:301: Listing local marks...
2026-01-15T12:45:01.116738Z  INFO codestacks_nvim: src/lib.rs:178: Adding recent file: /Users/ben.Zhou/.config/nvim/lua/plugins/codediff.lua
2026-01-15T12:45:01.119490Z  INFO codestacks_nvim: src/lib.rs:301: Listing local marks...
2026-01-15T12:45:01.119657Z  INFO codestacks_nvim: src/lib.rs:178: Adding recent file: /Users/ben.Zhou/.config/nvim/lua/plugins/difftastic.lua
2026-01-15T12:45:01.121674Z  INFO codestacks_nvim: src/lib.rs:301: Listing local marks...
2026-01-15T12:45:01.121799Z  INFO codestacks_nvim: src/lib.rs:178: Adding recent file: /Users/ben.Zhou/.config/nvim/lua/plugins/neotest.lua
2026-01-15T12:45:01.123815Z  INFO codestacks_nvim: src/lib.rs:301: Listing local marks...
2026-01-15T12:45:01.123967Z  INFO codestacks_nvim: src/lib.rs:178: Adding recent file: /Users/ben.Zhou/.config/nvim/lua/plugins/oil/actions.lua
2026-01-15T12:45:01.125541Z  INFO codestacks_nvim: src/lib.rs:301: Listing local marks...
2026-01-15T12:45:01.125668Z  INFO codestacks_nvim: src/lib.rs:178: Adding recent file: /Users/ben.Zhou/.config/nvim/lua/plugins/lspconfig.lua
2026-01-15T12:45:01.127179Z  INFO codestacks_nvim: src/lib.rs:301: Listing local marks...
2026-01-15T12:45:01.127302Z  INFO codestacks_nvim: src/lib.rs:178: Adding recent file: /Users/ben.Zhou/.config/nvim/lua/plugins/dap.lua
2026-01-15T12:45:01.128675Z  INFO codestacks_nvim: src/lib.rs:301: Listing local marks...
2026-01-15T12:45:01.128789Z  INFO codestacks_nvim: src/lib.rs:178: Adding recent file: /Users/ben.Zhou/.config/nvim/lua/plugins/timber.lua
2026-01-15T12:45:01.130246Z  INFO codestacks_nvim: src/lib.rs:301: Listing local marks...
2026-01-15T12:45:01.130371Z  INFO codestacks_nvim: src/lib.rs:178: Adding recent file: /Users/ben.Zhou/.config/nvim/lua/plugins/neoimg.lua
2026-01-15T12:45:01.133007Z  INFO codestacks_nvim: src/lib.rs:301: Listing local marks...
2026-01-15T12:45:01.133189Z  INFO codestacks_nvim: src/lib.rs:178: Adding recent file: /Users/ben.Zhou/.config/nvim/lua/plugins/deck.lua
2026-01-15T12:45:01.135354Z  INFO codestacks_nvim: src/lib.rs:301: Listing local marks...
2026-01-15T12:45:01.135486Z  INFO codestacks_nvim: src/lib.rs:178: Adding recent file: /Users/ben.Zhou/.config/nvim/lua/plugins/lualine.lua
2026-01-15T12:45:01.138039Z  INFO codestacks_nvim: src/lib.rs:301: Listing local marks...
2026-01-15T12:45:01.138266Z  INFO codestacks_nvim: src/lib.rs:178: Adding recent file: /Users/ben.Zhou/.config/nvim/lua/plugins/hunks.lua
2026-01-15T12:45:01.141190Z  INFO codestacks_nvim: src/lib.rs:301: Listing local marks...
2026-01-15T12:45:01.141406Z  INFO codestacks_nvim: src/lib.rs:178: Adding recent file: /Users/ben.Zhou/.config/nvim/lua/plugins/mini/mini_files.lua
2026-01-15T12:45:01.143989Z  INFO codestacks_nvim: src/lib.rs:301: Listing local marks...
2026-01-15T12:45:01.144223Z  INFO codestacks_nvim: src/lib.rs:178: Adding recent file: /Users/ben.Zhou/.config/nvim/lua/plugins/snacks.lua
2026-01-15T12:45:01.146963Z  INFO codestacks_nvim: src/lib.rs:301: Listing local marks...
2026-01-15T12:45:01.147095Z  INFO codestacks_nvim: src/lib.rs:178: Adding recent file: /Users/ben.Zhou/.config/nvim/lua/plugins/Beez.lua
2026-01-15T12:45:01.151100Z  INFO codestacks_nvim: src/lib.rs:301: Listing local marks...
2026-01-15T12:45:01.151243Z  INFO codestacks_nvim: src/lib.rs:178: Adding recent file: /Users/ben.Zhou/.config/nvim/lua/plugins/persistence.lua
2026-01-15T12:45:01.153464Z  INFO codestacks_nvim: src/lib.rs:301: Listing local marks...
2026-01-15T12:45:01.153614Z  INFO codestacks_nvim: src/lib.rs:178: Adding recent file: /Users/ben.Zhou/.config/nvim/lua/plugins/fff.lua
2026-01-15T12:45:01.155556Z  INFO codestacks_nvim: src/lib.rs:301: Listing local marks...
2026-01-15T12:45:01.155737Z  INFO codestacks_nvim: src/lib.rs:178: Adding recent file: /Users/ben.Zhou/.config/nvim/lua/plugins/smartmotion/actions/go_to_references.lua
2026-01-15T12:45:01.157984Z  INFO codestacks_nvim: src/lib.rs:301: Listing local marks...
2026-01-15T12:45:01.158173Z  INFO codestacks_nvim: src/lib.rs:178: Adding recent file: /Users/ben.Zhou/.config/nvim/lua/plugins/smartmotion/actions/go_to_definition.lua
2026-01-15T12:45:01.161799Z  INFO codestacks_nvim: src/lib.rs:203: Setting recent files enabled: true
2026-01-15T12:45:05.135523Z  INFO codestacks_nvim: src/lib.rs:301: Listing local marks...
2026-01-15T12:45:08.733957Z  INFO codestacks_nvim: src/lib.rs:301: Listing local marks...
2026-01-15T12:45:08.738185Z  INFO codestacks_nvim: src/lib.rs:301: Listing local marks...
2026-01-15T12:45:08.741730Z  INFO codestacks_nvim: src/lib.rs:301: Listing local marks...
2026-01-15T12:45:08.742334Z  INFO codestacks_nvim: src/lib.rs:178: Adding recent file: /Users/ben.Zhou/Projects/nvim_forks/Beez.nvim/lua/beez/pickers/deck/tasks/sources.lua
2026-01-15T12:45:08.824440Z  INFO codestacks_nvim: src/lib.rs:301: Listing local marks...
2026-01-15T12:45:08.824726Z  INFO codestacks_nvim: src/lib.rs:178: Adding recent file: /Users/ben.Zhou/Projects/nvim_forks/Beez.nvim/lua/beez/pickers/deck/tasks/sources.lua
2026-01-15T12:45:08.830611Z  INFO codestacks_nvim: src/lib.rs:301: Listing local marks...
2026-01-15T12:45:10.165538Z  INFO codestacks_nvim: src/lib.rs:203: Setting recent files enabled: false
2026-01-15T12:45:10.167373Z  INFO codestacks_nvim: src/lib.rs:301: Listing local marks...
2026-01-15T12:45:10.168139Z  INFO codestacks_nvim: src/lib.rs:178: Adding recent file: /Users/ben.Zhou/Projects/nvim_forks/Beez.nvim/lua/beez/jj/ui/view.lua
2026-01-15T12:45:10.169559Z  INFO codestacks_nvim: src/lib.rs:301: Listing local marks...
2026-01-15T12:45:10.169820Z  INFO codestacks_nvim: src/lib.rs:178: Adding recent file: /Users/ben.Zhou/Projects/nvim_forks/Beez.nvim/lua/beez/zk/init.lua
2026-01-15T12:45:10.171661Z  INFO codestacks_nvim: src/lib.rs:301: Listing local marks...
2026-01-15T12:45:10.171860Z  INFO codestacks_nvim: src/lib.rs:178: Adding recent file: /Users/ben.Zhou/SynologyDrive/zk/journals/2026-01-12.md
2026-01-15T12:45:10.173297Z  INFO codestacks_nvim: src/lib.rs:301: Listing local marks...
2026-01-15T12:45:10.173455Z  INFO codestacks_nvim: src/lib.rs:178: Adding recent file: /Users/ben.Zhou/SynologyDrive/zk/jiras/NT-173565.md
2026-01-15T12:45:10.174692Z  INFO codestacks_nvim: src/lib.rs:301: Listing local marks...
2026-01-15T12:45:10.174888Z  INFO codestacks_nvim: src/lib.rs:178: Adding recent file: /Users/ben.Zhou/Projects/nvim_forks/Beez.nvim/lua/beez/pickers/deck/zk/init.lua
2026-01-15T12:45:10.175930Z  INFO codestacks_nvim: src/lib.rs:301: Listing local marks...
2026-01-15T12:45:10.176076Z  INFO codestacks_nvim: src/lib.rs:178: Adding recent file: /Users/ben.Zhou/Projects/nvim_forks/Beez.nvim/lua/beez/pickers/deck/zk/sources.lua
2026-01-15T12:45:10.177275Z  INFO codestacks_nvim: src/lib.rs:301: Listing local marks...
2026-01-15T12:45:10.177444Z  INFO codestacks_nvim: src/lib.rs:178: Adding recent file: /Users/ben.Zhou/Projects/nvim_forks/Beez.nvim/lua/beez/pickers/deck/sources.lua
2026-01-15T12:45:10.178827Z  INFO codestacks_nvim: src/lib.rs:301: Listing local marks...
2026-01-15T12:45:10.179043Z  INFO codestacks_nvim: src/lib.rs:178: Adding recent file: /Users/ben.Zhou/Projects/nvim_forks/nvim-deck/lua/deck/builtin/source/grep.lua
2026-01-15T12:45:10.180371Z  INFO codestacks_nvim: src/lib.rs:301: Listing local marks...
2026-01-15T12:45:10.180574Z  INFO codestacks_nvim: src/lib.rs:178: Adding recent file: /Users/ben.Zhou/Projects/nvim_forks/Beez.nvim/lua/beez/pickers/deck/flotes/sources.lua
2026-01-15T12:45:10.182004Z  INFO codestacks_nvim: src/lib.rs:301: Listing local marks...
2026-01-15T12:45:10.182197Z  INFO codestacks_nvim: src/lib.rs:178: Adding recent file: /Users/ben.Zhou/.config/nvim/lua/plugins/zk.lua
2026-01-15T12:45:10.183791Z  INFO codestacks_nvim: src/lib.rs:301: Listing local marks...
2026-01-15T12:45:10.184106Z  INFO codestacks_nvim: src/lib.rs:178: Adding recent file: /Users/ben.Zhou/Projects/nvim_forks/codediff.nvim/lua/codediff/ui/view/render.lua
2026-01-15T12:45:10.186061Z  INFO codestacks_nvim: src/lib.rs:301: Listing local marks...
2026-01-15T12:45:10.186283Z  INFO codestacks_nvim: src/lib.rs:178: Adding recent file: /Users/ben.Zhou/Projects/nvim_forks/codediff.nvim/lua/codediff/init.lua
2026-01-15T12:45:10.187748Z  INFO codestacks_nvim: src/lib.rs:301: Listing local marks...
2026-01-15T12:45:10.188018Z  INFO codestacks_nvim: src/lib.rs:178: Adding recent file: /Users/ben.Zhou/Projects/nvim_forks/Beez.nvim/lua/beez/pickers/deck/zk/actions.lua
2026-01-15T12:45:10.191047Z  INFO codestacks_nvim: src/lib.rs:301: Listing local marks...
2026-01-15T12:45:10.191237Z  INFO codestacks_nvim: src/lib.rs:178: Adding recent file: /opt/homebrew/Cellar/neovim/0.11.5_1/share/nvim/runtime/lua/vim/treesitter.lua
2026-01-15T12:45:10.192750Z  INFO codestacks_nvim: src/lib.rs:301: Listing local marks...
2026-01-15T12:45:10.192912Z  INFO codestacks_nvim: src/lib.rs:178: Adding recent file: /Users/ben.Zhou/Projects/nvim_forks/Beez.nvim/lua/beez/pickers/deck/pickers.lua
2026-01-15T12:45:10.194542Z  INFO codestacks_nvim: src/lib.rs:301: Listing local marks...
2026-01-15T12:45:10.194709Z  INFO codestacks_nvim: src/lib.rs:178: Adding recent file: /Users/ben.Zhou/Projects/nvim_forks/nvim-deck/lua/deck/init.lua
2026-01-15T12:45:10.196312Z  INFO codestacks_nvim: src/lib.rs:301: Listing local marks...
2026-01-15T12:45:10.196457Z  INFO codestacks_nvim: src/lib.rs:178: Adding recent file: /Users/ben.Zhou/Projects/nvim_forks/nvim-deck/README.md
2026-01-15T12:45:10.200645Z  INFO codestacks_nvim: src/lib.rs:301: Listing local marks...
2026-01-15T12:45:10.200887Z  INFO codestacks_nvim: src/lib.rs:178: Adding recent file: /Users/ben.Zhou/Projects/nvim_forks/Beez.nvim/lua/beez/pickers/deck/init.lua
2026-01-15T12:45:10.202866Z  INFO codestacks_nvim: src/lib.rs:301: Listing local marks...
2026-01-15T12:45:10.207258Z  INFO codestacks_nvim: src/lib.rs:301: Listing local marks...
2026-01-15T12:45:10.207454Z  INFO codestacks_nvim: src/lib.rs:178: Adding recent file: /Users/ben.Zhou/Projects/nvim_forks/Beez.nvim/lua/beez/jj/init.lua
2026-01-15T12:45:10.209735Z  INFO codestacks_nvim: src/lib.rs:301: Listing local marks...
2026-01-15T12:45:10.209945Z  INFO codestacks_nvim: src/lib.rs:178: Adding recent file: /Users/ben.Zhou/.config/nvim/init.lua
2026-01-15T12:45:10.211907Z  INFO codestacks_nvim: src/lib.rs:301: Listing local marks...
2026-01-15T12:45:10.212103Z  INFO codestacks_nvim: src/lib.rs:178: Adding recent file: /Users/ben.Zhou/.config/nvim/.gitignore
2026-01-15T12:45:10.214484Z  INFO codestacks_nvim: src/lib.rs:301: Listing local marks...
2026-01-15T12:45:10.214696Z  INFO codestacks_nvim: src/lib.rs:178: Adding recent file: /Users/ben.Zhou/Projects/nvim_forks/Beez.nvim/lua/beez/jj/commands.lua
2026-01-15T12:45:10.218707Z  INFO codestacks_nvim: src/lib.rs:301: Listing local marks...
2026-01-15T12:45:10.218869Z  INFO codestacks_nvim: src/lib.rs:178: Adding recent file: /Users/ben.Zhou/Projects/nvim_forks/Beez.nvim/lua/beez/u/cmds.lua
2026-01-15T12:45:10.220883Z  INFO codestacks_nvim: src/lib.rs:301: Listing local marks...
2026-01-15T12:45:10.221041Z  INFO codestacks_nvim: src/lib.rs:178: Adding recent file: /Users/ben.Zhou/Projects/nvim_forks/Beez.nvim/lua/beez/jj/ui/log_tree.lua
2026-01-15T12:45:10.222861Z  INFO codestacks_nvim: src/lib.rs:301: Listing local marks...
2026-01-15T12:45:10.223052Z  INFO codestacks_nvim: src/lib.rs:178: Adding recent file: /Users/ben.Zhou/Projects/nvim_forks/Beez.nvim/lua/beez/pickers/deck/tasks/init.lua
2026-01-15T12:45:10.224762Z  INFO codestacks_nvim: src/lib.rs:301: Listing local marks...
2026-01-15T12:45:10.224920Z  INFO codestacks_nvim: src/lib.rs:178: Adding recent file: /Users/ben.Zhou/Projects/nvim_forks/Beez.nvim/lua/beez/pickers/init.lua
2026-01-15T12:45:10.227106Z  INFO codestacks_nvim: src/lib.rs:301: Listing local marks...
2026-01-15T12:45:10.227304Z  INFO codestacks_nvim: src/lib.rs:178: Adding recent file: /Users/ben.Zhou/Projects/nvim_forks/Beez.nvim/lua/beez/init.lua
2026-01-15T12:45:10.229352Z  INFO codestacks_nvim: src/lib.rs:301: Listing local marks...
2026-01-15T12:45:10.229630Z  INFO codestacks_nvim: src/lib.rs:178: Adding recent file: /Users/ben.Zhou/Projects/nvim_forks/Beez.nvim/lua/beez/pickers/deck/tasks/pickers.lua
2026-01-15T12:45:10.232372Z  INFO codestacks_nvim: src/lib.rs:301: Listing local marks...
2026-01-15T12:45:10.232517Z  INFO codestacks_nvim: src/lib.rs:178: Adding recent file: /Users/ben.Zhou/Projects/nvim_forks/Beez.nvim/lua/beez/pickers/deck/utils.lua
2026-01-15T12:45:10.234042Z  INFO codestacks_nvim: src/lib.rs:301: Listing local marks...
2026-01-15T12:45:10.234253Z  INFO codestacks_nvim: src/lib.rs:178: Adding recent file: /Users/ben.Zhou/Projects/nvim_forks/Beez.nvim/lua/beez/pickers/deck/tasks/actions.lua
2026-01-15T12:45:10.235901Z  INFO codestacks_nvim: src/lib.rs:301: Listing local marks...
2026-01-15T12:45:10.236048Z  INFO codestacks_nvim: src/lib.rs:178: Adding recent file: /Users/ben.Zhou/Projects/nvim_forks/Beez.nvim/lua/beez/pickers/deck/flotes/actions.lua
2026-01-15T12:45:10.238014Z  INFO codestacks_nvim: src/lib.rs:301: Listing local marks...
2026-01-15T12:45:10.238221Z  INFO codestacks_nvim: src/lib.rs:178: Adding recent file: /Users/ben.Zhou/Projects/nvim_forks/Beez.nvim/lua/beez/flotes/init.lua
2026-01-15T12:45:10.240439Z  INFO codestacks_nvim: src/lib.rs:301: Listing local marks...
2026-01-15T12:45:10.242497Z  INFO codestacks_nvim: src/lib.rs:301: Listing local marks...
2026-01-15T12:45:10.242666Z  INFO codestacks_nvim: src/lib.rs:178: Adding recent file: /Users/ben.Zhou/Projects/nvim_forks/Beez.nvim/lua/beez/codemarks/marks.lua
2026-01-15T12:45:10.245119Z  INFO codestacks_nvim: src/lib.rs:301: Listing local marks...
2026-01-15T12:45:10.245243Z  INFO codestacks_nvim: src/lib.rs:178: Adding recent file: /Users/ben.Zhou/Projects/nvim_forks/Beez.nvim/lua/beez/codemarks/init.lua
2026-01-15T12:45:10.246788Z  INFO codestacks_nvim: src/lib.rs:301: Listing local marks...
2026-01-15T12:45:10.246955Z  INFO codestacks_nvim: src/lib.rs:178: Adding recent file: /Users/ben.Zhou/Projects/nvim_forks/Beez.nvim/lua/beez/codemarks/stack.lua
2026-01-15T12:45:10.249238Z  INFO codestacks_nvim: src/lib.rs:301: Listing local marks...
2026-01-15T12:45:10.249439Z  INFO codestacks_nvim: src/lib.rs:178: Adding recent file: /Users/ben.Zhou/Projects/nvim_forks/Beez.nvim/lua/beez/codemarks/config.lua
2026-01-15T12:45:10.251431Z  INFO codestacks_nvim: src/lib.rs:301: Listing local marks...
2026-01-15T12:45:10.251656Z  INFO codestacks_nvim: src/lib.rs:178: Adding recent file: /Users/ben.Zhou/Projects/nvim_forks/Beez.nvim/lua/beez/codemarks/stacks.lua
2026-01-15T12:45:10.253634Z  INFO codestacks_nvim: src/lib.rs:301: Listing local marks...
2026-01-15T12:45:10.253784Z  INFO codestacks_nvim: src/lib.rs:178: Adding recent file: /Users/ben.Zhou/Projects/nvim_forks/Beez.nvim/lua/beez/scratches/config.lua
2026-01-15T12:45:10.255859Z  INFO codestacks_nvim: src/lib.rs:301: Listing local marks...
2026-01-15T12:45:10.256044Z  INFO codestacks_nvim: src/lib.rs:178: Adding recent file: /Users/ben.Zhou/Projects/nvim_forks/Beez.nvim/lua/beez/codestacks/buffers.lua
2026-01-15T12:45:10.259136Z  INFO codestacks_nvim: src/lib.rs:301: Listing local marks...
2026-01-15T12:45:10.259290Z  INFO codestacks_nvim: src/lib.rs:178: Adding recent file: /Users/ben.Zhou/Projects/nvim_forks/Beez.nvim/lua/beez/bufswitcher/recentlist.lua
2026-01-15T12:45:10.261232Z  INFO codestacks_nvim: src/lib.rs:301: Listing local marks...
2026-01-15T12:45:10.261350Z  INFO codestacks_nvim: src/lib.rs:178: Adding recent file: /Users/ben.Zhou/Projects/nvim_forks/Beez.nvim/lua/beez/codemarks/gmarks.lua
2026-01-15T12:45:10.263208Z  INFO codestacks_nvim: src/lib.rs:301: Listing local marks...
2026-01-15T12:45:10.263339Z  INFO codestacks_nvim: src/lib.rs:178: Adding recent file: /Users/ben.Zhou/Projects/nvim_forks/Beez.nvim/lua/beez/dbfp/queryfile.lua
2026-01-15T12:45:10.264995Z  INFO codestacks_nvim: src/lib.rs:301: Listing local marks...
2026-01-15T12:45:10.265171Z  INFO codestacks_nvim: src/lib.rs:178: Adding recent file: /Users/ben.Zhou/Projects/nvim_forks/Beez.nvim/lua/beez/flotes/blink_tags_source.lua
2026-01-15T12:45:10.267770Z  INFO codestacks_nvim: src/lib.rs:301: Listing local marks...
2026-01-15T12:45:10.267922Z  INFO codestacks_nvim: src/lib.rs:178: Adding recent file: /Users/ben.Zhou/Projects/nvim_forks/Beez.nvim/lua/beez/scratches/init.lua
2026-01-15T12:45:10.270169Z  INFO codestacks_nvim: src/lib.rs:301: Listing local marks...
2026-01-15T12:45:10.270349Z  INFO codestacks_nvim: src/lib.rs:178: Adding recent file: /Users/ben.Zhou/Projects/nvim_forks/Beez.nvim/lua/beez/codestacks/init.lua
2026-01-15T12:45:10.272347Z  INFO codestacks_nvim: src/lib.rs:301: Listing local marks...
2026-01-15T12:45:10.272633Z  INFO codestacks_nvim: src/lib.rs:178: Adding recent file: /Users/ben.Zhou/Projects/nvim_forks/Beez.nvim/lua/beez/flotes/links.lua
2026-01-15T12:45:10.274328Z  INFO codestacks_nvim: src/lib.rs:301: Listing local marks...
2026-01-15T12:45:10.274448Z  INFO codestacks_nvim: src/lib.rs:178: Adding recent file: /Users/ben.Zhou/Projects/nvim_forks/Beez.nvim/lua/beez/bufswitcher/stacklist.lua
2026-01-15T12:45:10.276289Z  INFO codestacks_nvim: src/lib.rs:301: Listing local marks...
2026-01-15T12:45:10.276427Z  INFO codestacks_nvim: src/lib.rs:178: Adding recent file: /Users/ben.Zhou/Projects/nvim_forks/Beez.nvim/lua/beez/bufswitcher/buf.lua
2026-01-15T12:45:10.279004Z  INFO codestacks_nvim: src/lib.rs:301: Listing local marks...
2026-01-15T12:45:10.279146Z  INFO codestacks_nvim: src/lib.rs:178: Adding recent file: /Users/ben.Zhou/Projects/nvim_forks/Beez.nvim/lua/beez/ui/float.lua
2026-01-15T12:45:10.282145Z  INFO codestacks_nvim: src/lib.rs:301: Listing local marks...
2026-01-15T12:45:10.282288Z  INFO codestacks_nvim: src/lib.rs:178: Adding recent file: /Users/ben.Zhou/Projects/nvim_forks/Beez.nvim/lua/beez/dbfp/queryfiles.lua
2026-01-15T12:45:10.284128Z  INFO codestacks_nvim: src/lib.rs:301: Listing local marks...
2026-01-15T12:45:10.284272Z  INFO codestacks_nvim: src/lib.rs:178: Adding recent file: /Users/ben.Zhou/Projects/nvim_forks/Beez.nvim/lua/beez/codestacks/tabline.lua
2026-01-15T12:45:10.286084Z  INFO codestacks_nvim: src/lib.rs:301: Listing local marks...
2026-01-15T12:45:10.286210Z  INFO codestacks_nvim: src/lib.rs:178: Adding recent file: /Users/ben.Zhou/Projects/nvim_forks/Beez.nvim/lua/beez/config.lua
2026-01-15T12:45:10.288024Z  INFO codestacks_nvim: src/lib.rs:301: Listing local marks...
2026-01-15T12:45:10.288145Z  INFO codestacks_nvim: src/lib.rs:178: Adding recent file: /Users/ben.Zhou/Projects/nvim_forks/Beez.nvim/lua/beez/bufswitcher/init.lua
2026-01-15T12:45:10.290555Z  INFO codestacks_nvim: src/lib.rs:301: Listing local marks...
2026-01-15T12:45:10.290695Z  INFO codestacks_nvim: src/lib.rs:178: Adding recent file: /Users/ben.Zhou/Projects/nvim_forks/Beez.nvim/lua/beez/ui/init.lua
2026-01-15T12:45:10.292874Z  INFO codestacks_nvim: src/lib.rs:301: Listing local marks...
2026-01-15T12:45:10.292985Z  INFO codestacks_nvim: src/lib.rs:178: Adding recent file: /Users/ben.Zhou/Projects/nvim_forks/Beez.nvim/lua/beez/bufswitcher/buflist.lua
2026-01-15T12:45:10.295416Z  INFO codestacks_nvim: src/lib.rs:301: Listing local marks...
2026-01-15T12:45:10.295553Z  INFO codestacks_nvim: src/lib.rs:178: Adding recent file: /Users/ben.Zhou/Projects/nvim_forks/Beez.nvim/lua/beez/dbfp/init.lua
2026-01-15T12:45:10.297419Z  INFO codestacks_nvim: src/lib.rs:301: Listing local marks...
2026-01-15T12:45:10.297583Z  INFO codestacks_nvim: src/lib.rs:178: Adding recent file: /Users/ben.Zhou/Projects/nvim_forks/Beez.nvim/lua/beez/pickers/deck/codemarks/pickers.lua
2026-01-15T12:45:10.299643Z  INFO codestacks_nvim: src/lib.rs:301: Listing local marks...
2026-01-15T12:45:10.299767Z  INFO codestacks_nvim: src/lib.rs:178: Adding recent file: /Users/ben.Zhou/Projects/nvim_forks/Beez.nvim/lua/beez/dbfp/connections.lua
2026-01-15T12:45:10.301685Z  INFO codestacks_nvim: src/lib.rs:301: Listing local marks...
2026-01-15T12:45:10.301815Z  INFO codestacks_nvim: src/lib.rs:178: Adding recent file: /Users/ben.Zhou/Projects/nvim_forks/Beez.nvim/lua/beez/flotes/pickers.lua
2026-01-15T12:45:10.303882Z  INFO codestacks_nvim: src/lib.rs:301: Listing local marks...
2026-01-15T12:45:10.304016Z  INFO codestacks_nvim: src/lib.rs:178: Adding recent file: /Users/ben.Zhou/Projects/nvim_forks/Beez.nvim/lua/beez/cmdcenter/command.lua
2026-01-15T12:45:10.305964Z  INFO codestacks_nvim: src/lib.rs:301: Listing local marks...
2026-01-15T12:45:10.306097Z  INFO codestacks_nvim: src/lib.rs:178: Adding recent file: /Users/ben.Zhou/Projects/nvim_forks/Beez.nvim/lua/beez/bufswitcher/tabline.lua
2026-01-15T12:45:10.309654Z  INFO codestacks_nvim: src/lib.rs:301: Listing local marks...
2026-01-15T12:45:10.309799Z  INFO codestacks_nvim: src/lib.rs:178: Adding recent file: /Users/ben.Zhou/Projects/nvim_forks/Beez.nvim/lua/beez/cmdcenter/outputs.lua
2026-01-15T12:45:10.311670Z  INFO codestacks_nvim: src/lib.rs:301: Listing local marks...
2026-01-15T12:45:10.311791Z  INFO codestacks_nvim: src/lib.rs:178: Adding recent file: /Users/ben.Zhou/Projects/nvim_forks/Beez.nvim/lua/beez/bufswitcher/config.lua
2026-01-15T12:45:10.314112Z  INFO codestacks_nvim: src/lib.rs:301: Listing local marks...
2026-01-15T12:45:10.314252Z  INFO codestacks_nvim: src/lib.rs:178: Adding recent file: /Users/ben.Zhou/Projects/nvim_forks/Beez.nvim/lua/beez/pickers/deck/codemarks/actions.lua
2026-01-15T12:45:10.316088Z  INFO codestacks_nvim: src/lib.rs:301: Listing local marks...
2026-01-15T12:45:10.316239Z  INFO codestacks_nvim: src/lib.rs:178: Adding recent file: /Users/ben.Zhou/Projects/nvim_forks/Beez.nvim/lua/beez/cmds/neovide.lua
2026-01-15T12:45:10.318264Z  INFO codestacks_nvim: src/lib.rs:301: Listing local marks...
2026-01-15T12:45:10.318383Z  INFO codestacks_nvim: src/lib.rs:178: Adding recent file: /Users/ben.Zhou/Projects/nvim_forks/Beez.nvim/lua/beez/flotes/journal.lua
2026-01-15T12:45:10.320236Z  INFO codestacks_nvim: src/lib.rs:301: Listing local marks...
2026-01-15T12:45:10.320349Z  INFO codestacks_nvim: src/lib.rs:178: Adding recent file: /Users/ben.Zhou/Projects/nvim_forks/Beez.nvim/lua/beez/cmdcenter/db.lua
2026-01-15T12:45:10.323409Z  INFO codestacks_nvim: src/lib.rs:301: Listing local marks...
2026-01-15T12:45:10.323547Z  INFO codestacks_nvim: src/lib.rs:178: Adding recent file: /Users/ben.Zhou/Projects/nvim_forks/Beez.nvim/lua/beez/cmds/aerospace.lua
2026-01-15T12:45:10.325937Z  INFO codestacks_nvim: src/lib.rs:301: Listing local marks...
2026-01-15T12:45:10.326051Z  INFO codestacks_nvim: src/lib.rs:178: Adding recent file: /Users/ben.Zhou/Projects/nvim_forks/Beez.nvim/lua/beez/cmdcenter/init.lua
2026-01-15T12:45:10.327698Z  INFO codestacks_nvim: src/lib.rs:301: Listing local marks...
2026-01-15T12:45:10.327839Z  INFO codestacks_nvim: src/lib.rs:178: Adding recent file: /Users/ben.Zhou/Projects/nvim_forks/Beez.nvim/lua/beez/cmds/init.lua
2026-01-15T12:45:10.329875Z  INFO codestacks_nvim: src/lib.rs:301: Listing local marks...
2026-01-15T12:45:10.330003Z  INFO codestacks_nvim: src/lib.rs:178: Adding recent file: /Users/ben.Zhou/Projects/nvim_forks/Beez.nvim/lua/beez/pickers/deck/codemarks/sources.lua
2026-01-15T12:45:10.332079Z  INFO codestacks_nvim: src/lib.rs:301: Listing local marks...
2026-01-15T12:45:10.332215Z  INFO codestacks_nvim: src/lib.rs:178: Adding recent file: /Users/ben.Zhou/Projects/nvim_forks/Beez.nvim/lua/beez/codestacks/config.lua
2026-01-15T12:45:10.335285Z  INFO codestacks_nvim: src/lib.rs:301: Listing local marks...
2026-01-15T12:45:10.335472Z  INFO codestacks_nvim: src/lib.rs:178: Adding recent file: /Users/ben.Zhou/Projects/nvim_forks/Beez.nvim/lua/beez/flotes/config.lua
2026-01-15T12:45:10.337943Z  INFO codestacks_nvim: src/lib.rs:301: Listing local marks...
2026-01-15T12:45:10.338072Z  INFO codestacks_nvim: src/lib.rs:178: Adding recent file: /Users/ben.Zhou/Projects/nvim_forks/Beez.nvim/lua/beez/codestacks/marks.lua
2026-01-15T12:45:10.341841Z  INFO codestacks_nvim: src/lib.rs:301: Listing local marks...
2026-01-15T12:45:10.341985Z  INFO codestacks_nvim: src/lib.rs:178: Adding recent file: /Users/ben.Zhou/Projects/nvim_forks/Beez.nvim/lua/beez/flotes/keymaps.lua
2026-01-15T12:45:10.344508Z  INFO codestacks_nvim: src/lib.rs:301: Listing local marks...
2026-01-15T12:45:10.344654Z  INFO codestacks_nvim: src/lib.rs:178: Adding recent file: /Users/ben.Zhou/Projects/nvim_forks/Beez.nvim/lua/beez/pickers/deck/codemarks/init.lua
2026-01-15T12:45:10.346702Z  INFO codestacks_nvim: src/lib.rs:301: Listing local marks...
2026-01-15T12:45:10.346833Z  INFO codestacks_nvim: src/lib.rs:178: Adding recent file: /Users/ben.Zhou/Projects/nvim_forks/Beez.nvim/lua/beez/flotes/notes.lua
2026-01-15T12:45:10.348620Z  INFO codestacks_nvim: src/lib.rs:301: Listing local marks...
2026-01-15T12:45:10.348779Z  INFO codestacks_nvim: src/lib.rs:178: Adding recent file: /Users/ben.Zhou/Projects/nvim_forks/Beez.nvim/lua/beez/pickers/deck/tasks/utils.lua
2026-01-15T12:45:10.350526Z  INFO codestacks_nvim: src/lib.rs:301: Listing local marks...
2026-01-15T12:45:10.350660Z  INFO codestacks_nvim: src/lib.rs:178: Adding recent file: /Users/ben.Zhou/Projects/nvim_forks/Beez.nvim/lua/beez/jj/ui/unified_diff.lua
2026-01-15T12:45:10.353930Z  INFO codestacks_nvim: src/lib.rs:301: Listing local marks...
2026-01-15T12:45:10.354070Z  INFO codestacks_nvim: src/lib.rs:178: Adding recent file: /Users/ben.Zhou/Projects/nvim_forks/Beez.nvim/lua/beez/pickers/deck/lsp/sources.lua
2026-01-15T12:45:10.358651Z  INFO codestacks_nvim: src/lib.rs:301: Listing local marks...
2026-01-15T12:45:10.358829Z  INFO codestacks_nvim: src/lib.rs:178: Adding recent file: /Users/ben.Zhou/Projects/nvim_forks/Beez.nvim/lua/beez/jj/ui/describe_editor.lua
2026-01-15T12:45:10.365539Z  INFO codestacks_nvim: src/lib.rs:301: Listing local marks...
2026-01-15T12:45:10.365676Z  INFO codestacks_nvim: src/lib.rs:178: Adding recent file: /Users/ben.Zhou/Projects/nvim_forks/Beez.nvim/lua/beez/jj/ui/vscode_diff.lua
2026-01-15T12:45:10.369128Z  INFO codestacks_nvim: src/lib.rs:301: Listing local marks...
2026-01-15T12:45:10.369280Z  INFO codestacks_nvim: src/lib.rs:178: Adding recent file: /Users/ben.Zhou/Projects/nvim_forks/Beez.nvim/lua/beez/u/keymaps.lua
2026-01-15T12:45:10.370691Z  INFO codestacks_nvim: src/lib.rs:301: Listing local marks...
2026-01-15T12:45:10.370805Z  INFO codestacks_nvim: src/lib.rs:178: Adding recent file: /Users/ben.Zhou/Projects/nvim_forks/Beez.nvim/lua/beez/jj/ui/main.lua
2026-01-15T12:45:10.373879Z  INFO codestacks_nvim: src/lib.rs:301: Listing local marks...
2026-01-15T12:45:10.374022Z  INFO codestacks_nvim: src/lib.rs:178: Adding recent file: /Users/ben.Zhou/Projects/nvim_forks/Beez.nvim/lua/beez/jj/ui/diffeditor.lua
2026-01-15T12:45:10.375220Z  INFO codestacks_nvim: src/lib.rs:301: Listing local marks...
2026-01-15T12:45:10.375322Z  INFO codestacks_nvim: src/lib.rs:178: Adding recent file: /Users/ben.Zhou/Projects/nvim_forks/Beez.nvim/lua/beez/u/root.lua
2026-01-15T12:45:10.376660Z  INFO codestacks_nvim: src/lib.rs:301: Listing local marks...
2026-01-15T12:45:10.376762Z  INFO codestacks_nvim: src/lib.rs:178: Adding recent file: /Users/ben.Zhou/Projects/nvim_forks/Beez.nvim/lua/beez/jj/ui/status_tree.lua
2026-01-15T12:45:10.378098Z  INFO codestacks_nvim: src/lib.rs:301: Listing local marks...
2026-01-15T12:45:10.378218Z  INFO codestacks_nvim: src/lib.rs:178: Adding recent file: /Users/ben.Zhou/Projects/nvim_forks/Beez.nvim/lua/beez/u/stacktrace.lua
2026-01-15T12:45:10.380028Z  INFO codestacks_nvim: src/lib.rs:301: Listing local marks...
2026-01-15T12:45:10.380203Z  INFO codestacks_nvim: src/lib.rs:178: Adding recent file: /Users/ben.Zhou/Projects/nvim_forks/Beez.nvim/lua/beez/u/init.lua
2026-01-15T12:45:10.382150Z  INFO codestacks_nvim: src/lib.rs:301: Listing local marks...
2026-01-15T12:45:10.382302Z  INFO codestacks_nvim: src/lib.rs:178: Adding recent file: /Users/ben.Zhou/Projects/nvim_forks/Beez.nvim/lua/beez/pickers/deck/lsp/init.lua
2026-01-15T12:45:10.384060Z  INFO codestacks_nvim: src/lib.rs:301: Listing local marks...
2026-01-15T12:45:10.384208Z  INFO codestacks_nvim: src/lib.rs:178: Adding recent file: /Users/ben.Zhou/Projects/nvim_forks/Beez.nvim/lua/beez/u/snippets.lua
2026-01-15T12:45:10.385862Z  INFO codestacks_nvim: src/lib.rs:301: Listing local marks...
2026-01-15T12:45:10.385967Z  INFO codestacks_nvim: src/lib.rs:178: Adding recent file: /Users/ben.Zhou/Projects/nvim_forks/Beez.nvim/lua/beez/pickers/deck/bufswitcher/actions.lua
2026-01-15T12:45:10.388622Z  INFO codestacks_nvim: src/lib.rs:301: Listing local marks...
2026-01-15T12:45:10.388771Z  INFO codestacks_nvim: src/lib.rs:178: Adding recent file: /Users/ben.Zhou/Projects/nvim_forks/Beez.nvim/lua/beez/u/deck.lua
2026-01-15T12:45:10.390751Z  INFO codestacks_nvim: src/lib.rs:301: Listing local marks...
2026-01-15T12:45:10.390894Z  INFO codestacks_nvim: src/lib.rs:178: Adding recent file: /Users/ben.Zhou/Projects/nvim_forks/Beez.nvim/lua/beez/pickers/deck/bufswitcher/sources.lua
2026-01-15T12:45:10.392837Z  INFO codestacks_nvim: src/lib.rs:301: Listing local marks...
2026-01-15T12:45:10.392983Z  INFO codestacks_nvim: src/lib.rs:178: Adding recent file: /Users/ben.Zhou/Projects/nvim_forks/Beez.nvim/lua/beez/pickers/deck/actions.lua
2026-01-15T12:45:10.395655Z  INFO codestacks_nvim: src/lib.rs:301: Listing local marks...
2026-01-15T12:45:10.395790Z  INFO codestacks_nvim: src/lib.rs:178: Adding recent file: /Users/ben.Zhou/Projects/nvim_forks/Beez.nvim/lua/beez/pickers/deck/bufswitcher/init.lua
2026-01-15T12:45:10.398563Z  INFO codestacks_nvim: src/lib.rs:301: Listing local marks...
2026-01-15T12:45:10.398715Z  INFO codestacks_nvim: src/lib.rs:178: Adding recent file: /Users/ben.Zhou/Projects/nvim_forks/Beez.nvim/lua/beez/pickers/deck/projects/actions.lua
2026-01-15T12:45:10.401082Z  INFO codestacks_nvim: src/lib.rs:301: Listing local marks...
2026-01-15T12:45:10.401236Z  INFO codestacks_nvim: src/lib.rs:178: Adding recent file: /Users/ben.Zhou/Projects/nvim_forks/Beez.nvim/lua/beez/pickers/fzf/init.lua
2026-01-15T12:45:10.402861Z  INFO codestacks_nvim: src/lib.rs:301: Listing local marks...
2026-01-15T12:45:10.403014Z  INFO codestacks_nvim: src/lib.rs:178: Adding recent file: /Users/ben.Zhou/Projects/nvim_forks/Beez.nvim/lua/beez/pickers/deck/flotes/init.lua
2026-01-15T12:45:10.404660Z  INFO codestacks_nvim: src/lib.rs:301: Listing local marks...
2026-01-15T12:45:10.404774Z  INFO codestacks_nvim: src/lib.rs:178: Adding recent file: /Users/ben.Zhou/Projects/nvim_forks/Beez.nvim/lua/beez/pickers/deck/projects/sources.lua
2026-01-15T12:45:10.406454Z  INFO codestacks_nvim: src/lib.rs:301: Listing local marks...
2026-01-15T12:45:10.406581Z  INFO codestacks_nvim: src/lib.rs:178: Adding recent file: /Users/ben.Zhou/Projects/nvim_forks/Beez.nvim/lua/beez/pickers/snacks/codemarks/pickers.lua
2026-01-15T12:45:10.409578Z  INFO codestacks_nvim: src/lib.rs:301: Listing local marks...
2026-01-15T12:45:10.409719Z  INFO codestacks_nvim: src/lib.rs:178: Adding recent file: /Users/ben.Zhou/Projects/nvim_forks/Beez.nvim/lua/beez/pickers/deck/projects/init.lua
2026-01-15T12:45:10.411808Z  INFO codestacks_nvim: src/lib.rs:301: Listing local marks...
2026-01-15T12:45:10.411935Z  INFO codestacks_nvim: src/lib.rs:178: Adding recent file: /Users/ben.Zhou/Projects/nvim_forks/Beez.nvim/lua/beez/pickers/deck/scratches/pickers.lua
2026-01-15T12:45:10.413641Z  INFO codestacks_nvim: src/lib.rs:301: Listing local marks...
2026-01-15T12:45:10.413757Z  INFO codestacks_nvim: src/lib.rs:178: Adding recent file: /Users/ben.Zhou/Projects/nvim_forks/Beez.nvim/lua/beez/pickers/deck/decorators.lua
2026-01-15T12:45:10.415435Z  INFO codestacks_nvim: src/lib.rs:301: Listing local marks...
2026-01-15T12:45:10.415536Z  INFO codestacks_nvim: src/lib.rs:178: Adding recent file: /Users/ben.Zhou/Projects/nvim_forks/Beez.nvim/lua/beez/pickers/snacks/formatters.lua
2026-01-15T12:45:10.417232Z  INFO codestacks_nvim: src/lib.rs:301: Listing local marks...
2026-01-15T12:45:10.417354Z  INFO codestacks_nvim: src/lib.rs:178: Adding recent file: /Users/ben.Zhou/Projects/nvim_forks/Beez.nvim/lua/beez/pickers/deck/previewers.lua
2026-01-15T12:45:10.420079Z  INFO codestacks_nvim: src/lib.rs:301: Listing local marks...
2026-01-15T12:45:10.420213Z  INFO codestacks_nvim: src/lib.rs:178: Adding recent file: /Users/ben.Zhou/Projects/nvim_forks/Beez.nvim/lua/beez/pickers/deck/dbfp/actions.lua
2026-01-15T12:45:10.422198Z  INFO codestacks_nvim: src/lib.rs:301: Listing local marks...
2026-01-15T12:45:10.422348Z  INFO codestacks_nvim: src/lib.rs:178: Adding recent file: /Users/ben.Zhou/Projects/nvim_forks/Beez.nvim/lua/beez/pickers/snacks/codemarks/actions.lua
2026-01-15T12:45:10.424201Z  INFO codestacks_nvim: src/lib.rs:301: Listing local marks...
2026-01-15T12:45:10.424326Z  INFO codestacks_nvim: src/lib.rs:178: Adding recent file: /Users/ben.Zhou/Projects/nvim_forks/Beez.nvim/lua/beez/pickers/deck/dbfp/init.lua
2026-01-15T12:45:10.426600Z  INFO codestacks_nvim: src/lib.rs:301: Listing local marks...
2026-01-15T12:45:10.426737Z  INFO codestacks_nvim: src/lib.rs:178: Adding recent file: /Users/ben.Zhou/Projects/nvim_forks/Beez.nvim/lua/beez/pickers/deck/scratches/init.lua
2026-01-15T12:45:10.429012Z  INFO codestacks_nvim: src/lib.rs:301: Listing local marks...
2026-01-15T12:45:10.429152Z  INFO codestacks_nvim: src/lib.rs:178: Adding recent file: /Users/ben.Zhou/Projects/nvim_forks/Beez.nvim/lua/beez/pickers/snacks/actions.lua
2026-01-15T12:45:10.432169Z  INFO codestacks_nvim: src/lib.rs:301: Listing local marks...
2026-01-15T12:45:10.432303Z  INFO codestacks_nvim: src/lib.rs:178: Adding recent file: /Users/ben.Zhou/Projects/nvim_forks/Beez.nvim/lua/beez/pickers/deck/formatters.lua
2026-01-15T12:45:10.434019Z  INFO codestacks_nvim: src/lib.rs:301: Listing local marks...
2026-01-15T12:45:10.434155Z  INFO codestacks_nvim: src/lib.rs:178: Adding recent file: /Users/ben.Zhou/Projects/nvim_forks/Beez.nvim/lua/beez/pickers/deck/dbfp/sources.lua
2026-01-15T12:45:10.435849Z  INFO codestacks_nvim: src/lib.rs:301: Listing local marks...
2026-01-15T12:45:10.435973Z  INFO codestacks_nvim: src/lib.rs:178: Adding recent file: /Users/ben.Zhou/Projects/nvim_forks/Beez.nvim/lua/beez/pickers/snacks/codemarks/init.lua
2026-01-15T12:45:10.438242Z  INFO codestacks_nvim: src/lib.rs:301: Listing local marks...
2026-01-15T12:45:10.438358Z  INFO codestacks_nvim: src/lib.rs:178: Adding recent file: /Users/ben.Zhou/Projects/nvim_forks/Beez.nvim/lua/beez/pickers/deck/scripts/actions.lua
2026-01-15T12:45:10.440396Z  INFO codestacks_nvim: src/lib.rs:301: Listing local marks...
2026-01-15T12:45:10.440519Z  INFO codestacks_nvim: src/lib.rs:178: Adding recent file: /Users/ben.Zhou/Projects/nvim_forks/Beez.nvim/lua/beez/pickers/deck/scripts/init.lua
2026-01-15T12:45:10.442166Z  INFO codestacks_nvim: src/lib.rs:301: Listing local marks...
2026-01-15T12:45:10.442293Z  INFO codestacks_nvim: src/lib.rs:178: Adding recent file: /Users/ben.Zhou/Projects/nvim_forks/Beez.nvim/lua/beez/pickers/picks.lua
2026-01-15T12:45:10.444906Z  INFO codestacks_nvim: src/lib.rs:301: Listing local marks...
2026-01-15T12:45:10.445029Z  INFO codestacks_nvim: src/lib.rs:178: Adding recent file: /Users/ben.Zhou/Projects/nvim_forks/Beez.nvim/lua/beez/pickers/deck/scripts/sources.lua
2026-01-15T12:45:10.446929Z  INFO codestacks_nvim: src/lib.rs:301: Listing local marks...
2026-01-15T12:45:10.447082Z  INFO codestacks_nvim: src/lib.rs:178: Adding recent file: /Users/ben.Zhou/Projects/nvim_forks/Beez.nvim/lua/beez/pickers/deck/codestacks/init.lua
2026-01-15T12:45:10.450127Z  INFO codestacks_nvim: src/lib.rs:301: Listing local marks...
2026-01-15T12:45:10.450262Z  INFO codestacks_nvim: src/lib.rs:178: Adding recent file: /Users/ben.Zhou/Projects/nvim_forks/Beez.nvim/lua/beez/pickers/snacks/init.lua
2026-01-15T12:45:10.452352Z  INFO codestacks_nvim: src/lib.rs:301: Listing local marks...
2026-01-15T12:45:10.452502Z  INFO codestacks_nvim: src/lib.rs:178: Adding recent file: /Users/ben.Zhou/Projects/nvim_forks/Beez.nvim/lua/beez/pickers/snacks/flotes/pickers.lua
2026-01-15T12:45:10.454345Z  INFO codestacks_nvim: src/lib.rs:301: Listing local marks...
2026-01-15T12:45:10.454462Z  INFO codestacks_nvim: src/lib.rs:178: Adding recent file: /Users/ben.Zhou/Projects/nvim_forks/Beez.nvim/lua/beez/pickers/snacks/scratches/pickers.lua
2026-01-15T12:45:10.456125Z  INFO codestacks_nvim: src/lib.rs:301: Listing local marks...
2026-01-15T12:45:10.456321Z  INFO codestacks_nvim: src/lib.rs:178: Adding recent file: /Users/ben.Zhou/Projects/nvim_forks/Beez.nvim/lua/beez/pickers/deck/codestacks/actions.lua
2026-01-15T12:45:10.459139Z  INFO codestacks_nvim: src/lib.rs:301: Listing local marks...
2026-01-15T12:45:10.459300Z  INFO codestacks_nvim: src/lib.rs:178: Adding recent file: /Users/ben.Zhou/Projects/nvim_forks/Beez.nvim/lua/beez/pickers/deck/codestacks/sources.lua
2026-01-15T12:45:10.461899Z  INFO codestacks_nvim: src/lib.rs:301: Listing local marks...
2026-01-15T12:45:10.462045Z  INFO codestacks_nvim: src/lib.rs:178: Adding recent file: /Users/ben.Zhou/Projects/nvim_forks/Beez.nvim/lua/beez/pickers/snacks/flotes/init.lua
2026-01-15T12:45:10.463971Z  INFO codestacks_nvim: src/lib.rs:301: Listing local marks...
2026-01-15T12:45:10.464093Z  INFO codestacks_nvim: src/lib.rs:178: Adding recent file: /Users/ben.Zhou/Projects/nvim_forks/Beez.nvim/lua/beez/pickers/deck/timber/actions.lua
2026-01-15T12:45:10.466154Z  INFO codestacks_nvim: src/lib.rs:301: Listing local marks...
2026-01-15T12:45:10.466281Z  INFO codestacks_nvim: src/lib.rs:178: Adding recent file: /Users/ben.Zhou/Projects/nvim_forks/Beez.nvim/lua/beez/pickers/snacks/flotes/actions.lua
2026-01-15T12:45:10.468653Z  INFO codestacks_nvim: src/lib.rs:301: Listing local marks...
2026-01-15T12:45:10.468857Z  INFO codestacks_nvim: src/lib.rs:178: Adding recent file: /Users/ben.Zhou/Projects/nvim_forks/Beez.nvim/lua/beez/pickers/snacks/scratches/actions.lua
2026-01-15T12:45:10.471044Z  INFO codestacks_nvim: src/lib.rs:301: Listing local marks...
2026-01-15T12:45:10.471165Z  INFO codestacks_nvim: src/lib.rs:178: Adding recent file: /Users/ben.Zhou/Projects/nvim_forks/Beez.nvim/lua/beez/pickers/deck/cmdcenter/sources.lua
2026-01-15T12:45:10.473563Z  INFO codestacks_nvim: src/lib.rs:301: Listing local marks...
2026-01-15T12:45:10.473710Z  INFO codestacks_nvim: src/lib.rs:178: Adding recent file: /Users/ben.Zhou/Projects/nvim_forks/Beez.nvim/lua/beez/pickers/snacks/scratches/init.lua
2026-01-15T12:45:10.475413Z  INFO codestacks_nvim: src/lib.rs:301: Listing local marks...
2026-01-15T12:45:10.475609Z  INFO codestacks_nvim: src/lib.rs:178: Adding recent file: /Users/ben.Zhou/Projects/nvim_forks/Beez.nvim/lua/beez/pickers/deck/timber/sources.lua
2026-01-15T12:45:10.477482Z  INFO codestacks_nvim: src/lib.rs:301: Listing local marks...
2026-01-15T12:45:10.477627Z  INFO codestacks_nvim: src/lib.rs:178: Adding recent file: /Users/ben.Zhou/Projects/nvim_forks/Beez.nvim/lua/beez/pickers/snacks/options.lua
2026-01-15T12:45:10.479844Z  INFO codestacks_nvim: src/lib.rs:301: Listing local marks...
2026-01-15T12:45:10.479996Z  INFO codestacks_nvim: src/lib.rs:178: Adding recent file: /Users/ben.Zhou/Projects/nvim_forks/Beez.nvim/lua/beez/pickers/deck/cmdcenter/actions.lua
2026-01-15T12:45:10.481652Z  INFO codestacks_nvim: src/lib.rs:301: Listing local marks...
2026-01-15T12:45:10.481810Z  INFO codestacks_nvim: src/lib.rs:178: Adding recent file: /Users/ben.Zhou/Projects/nvim_forks/Beez.nvim/lua/beez/pickers/deck/cmdcenter/init.lua
2026-01-15T12:45:10.483815Z  INFO codestacks_nvim: src/lib.rs:301: Listing local marks...
2026-01-15T12:45:10.483966Z  INFO codestacks_nvim: src/lib.rs:178: Adding recent file: /Users/ben.Zhou/Projects/nvim_forks/Beez.nvim/lua/beez/pickers/deck/timber/init.lua
2026-01-15T12:45:10.486603Z  INFO codestacks_nvim: src/lib.rs:301: Listing local marks...
2026-01-15T12:45:10.486736Z  INFO codestacks_nvim: src/lib.rs:178: Adding recent file: /Users/ben.Zhou/Projects/nvim_forks/Beez.nvim/lua/beez/pickers/snacks/pickers.lua
2026-01-15T12:45:10.504129Z  INFO codestacks_nvim: src/lib.rs:301: Listing local marks...
2026-01-15T12:45:10.504487Z  INFO codestacks_nvim: src/lib.rs:178: Adding recent file: /Users/ben.Zhou/Projects/nvim_forks/Beez.nvim/lua/beez/pickers/deck/tasks/actions.lua
2026-01-15T12:45:10.510304Z  INFO codestacks_nvim: src/lib.rs:203: Setting recent files enabled: true
2026-01-15T12:45:10.921935Z  INFO codestacks_nvim: src/lib.rs:301: Listing local marks...
2026-01-15T12:45:11.594930Z  INFO codestacks_nvim: src/lib.rs:301: Listing local marks...
2026-01-15T12:45:12.198769Z  INFO codestacks_nvim: src/lib.rs:301: Listing local marks...
2026-01-15T12:45:12.581766Z  INFO codestacks_nvim: src/lib.rs:237: Listing global marks for path: Some("/Users/ben.Zhou/Projects/nvim_forks/Beez.nvim/lua/beez/pickers/deck/tasks/actions.lua")
2026-01-15T12:45:12.581781Z  INFO codestacks_nvim: src/lib.rs:301: Listing local marks...
2026-01-15T12:45:14.671881Z  INFO codestacks_nvim: src/lib.rs:301: Listing local marks...
2026-01-15T12:45:14.672374Z  INFO codestacks_nvim: src/lib.rs:301: Listing local marks...
2026-01-15T12:45:14.679711Z  INFO codestacks_nvim: src/lib.rs:301: Listing local marks...
2026-01-15T12:45:17.207567Z  INFO codestacks_nvim: src/lib.rs:301: Listing local marks...
2026-01-15T12:45:18.656858Z  INFO codestacks_nvim: src/lib.rs:301: Listing local marks...
2026-01-15T12:45:21.686099Z  INFO codestacks_nvim: src/lib.rs:301: Listing local marks...
